<?xml version="1.0" encoding="UTF-8"?>
<testsuite xmlns:xsi="http://www.w3.org/2001/XMLSchema-instance" xsi:noNamespaceSchemaLocation="https://maven.apache.org/surefire/maven-surefire-plugin/xsd/surefire-test-report.xsd" name="BotTest" time="0.458" tests="4" errors="0" skipped="0" failures="0">
  <properties>
    <property name="sun.desktop" value="gnome"/>
    <property name="awt.toolkit" value="sun.awt.X11.XToolkit"/>
    <property name="file.encoding.pkg" value="sun.io"/>
    <property name="java.specification.version" value="1.8"/>
    <property name="sun.cpu.isalist" value=""/>
    <property name="sun.jnu.encoding" value="UTF-8"/>
    <property name="java.class.path" value="/home/khlekate/otm/ot-harjoitustyo/laskarit/viikko3/WeatherBot/target/test-classes:/home/khlekate/otm/ot-harjoitustyo/laskarit/viikko3/WeatherBot/target/classes:/home/khlekate/.m2/repository/org/apache/maven/maven-plugin-api/3.3.9/maven-plugin-api-3.3.9.jar:/home/khlekate/.m2/repository/org/apache/maven/maven-model/3.3.9/maven-model-3.3.9.jar:/home/khlekate/.m2/repository/org/codehaus/plexus/plexus-utils/3.0.22/plexus-utils-3.0.22.jar:/home/khlekate/.m2/repository/org/apache/commons/commons-lang3/3.4/commons-lang3-3.4.jar:/home/khlekate/.m2/repository/org/apache/maven/maven-artifact/3.3.9/maven-artifact-3.3.9.jar:/home/khlekate/.m2/repository/org/eclipse/sisu/org.eclipse.sisu.plexus/0.3.2/org.eclipse.sisu.plexus-0.3.2.jar:/home/khlekate/.m2/repository/javax/enterprise/cdi-api/1.0/cdi-api-1.0.jar:/home/khlekate/.m2/repository/javax/annotation/jsr250-api/1.0/jsr250-api-1.0.jar:/home/khlekate/.m2/repository/javax/inject/javax.inject/1/javax.inject-1.jar:/home/khlekate/.m2/repository/org/eclipse/sisu/org.eclipse.sisu.inject/0.3.2/org.eclipse.sisu.inject-0.3.2.jar:/home/khlekate/.m2/repository/org/codehaus/plexus/plexus-component-annotations/1.5.5/plexus-component-annotations-1.5.5.jar:/home/khlekate/.m2/repository/org/codehaus/plexus/plexus-classworlds/2.5.2/plexus-classworlds-2.5.2.jar:/home/khlekate/.m2/repository/org/mockito/mockito-core/2.23.4/mockito-core-2.23.4.jar:/home/khlekate/.m2/repository/net/bytebuddy/byte-buddy/1.9.3/byte-buddy-1.9.3.jar:/home/khlekate/.m2/repository/net/bytebuddy/byte-buddy-agent/1.9.3/byte-buddy-agent-1.9.3.jar:/home/khlekate/.m2/repository/org/objenesis/objenesis/2.6/objenesis-2.6.jar:/home/khlekate/.m2/repository/org/telegram/telegrambots/4.1.2/telegrambots-4.1.2.jar:/home/khlekate/.m2/repository/org/telegram/telegrambots-meta/4.1.2/telegrambots-meta-4.1.2.jar:/home/khlekate/.m2/repository/com/google/inject/guice/4.2.2/guice-4.2.2.jar:/home/khlekate/.m2/repository/aopalliance/aopalliance/1.0/aopalliance-1.0.jar:/home/khlekate/.m2/repository/com/google/guava/guava/25.1-android/guava-25.1-android.jar:/home/khlekate/.m2/repository/com/google/code/findbugs/jsr305/3.0.2/jsr305-3.0.2.jar:/home/khlekate/.m2/repository/org/checkerframework/checker-compat-qual/2.0.0/checker-compat-qual-2.0.0.jar:/home/khlekate/.m2/repository/com/google/errorprone/error_prone_annotations/2.1.3/error_prone_annotations-2.1.3.jar:/home/khlekate/.m2/repository/com/google/j2objc/j2objc-annotations/1.1/j2objc-annotations-1.1.jar:/home/khlekate/.m2/repository/org/codehaus/mojo/animal-sniffer-annotations/1.14/animal-sniffer-annotations-1.14.jar:/home/khlekate/.m2/repository/com/fasterxml/jackson/core/jackson-annotations/2.9.0/jackson-annotations-2.9.0.jar:/home/khlekate/.m2/repository/com/fasterxml/jackson/jaxrs/jackson-jaxrs-json-provider/2.9.8/jackson-jaxrs-json-provider-2.9.8.jar:/home/khlekate/.m2/repository/com/fasterxml/jackson/jaxrs/jackson-jaxrs-base/2.9.8/jackson-jaxrs-base-2.9.8.jar:/home/khlekate/.m2/repository/com/fasterxml/jackson/module/jackson-module-jaxb-annotations/2.9.8/jackson-module-jaxb-annotations-2.9.8.jar:/home/khlekate/.m2/repository/com/fasterxml/jackson/core/jackson-databind/2.9.8/jackson-databind-2.9.8.jar:/home/khlekate/.m2/repository/com/fasterxml/jackson/core/jackson-core/2.9.8/jackson-core-2.9.8.jar:/home/khlekate/.m2/repository/org/glassfish/jersey/media/jersey-media-json-jackson/2.25.1/jersey-media-json-jackson-2.25.1.jar:/home/khlekate/.m2/repository/org/glassfish/jersey/core/jersey-common/2.25.1/jersey-common-2.25.1.jar:/home/khlekate/.m2/repository/org/glassfish/jersey/bundles/repackaged/jersey-guava/2.25.1/jersey-guava-2.25.1.jar:/home/khlekate/.m2/repository/org/glassfish/hk2/osgi-resource-locator/1.0.1/osgi-resource-locator-1.0.1.jar:/home/khlekate/.m2/repository/org/glassfish/jersey/ext/jersey-entity-filtering/2.25.1/jersey-entity-filtering-2.25.1.jar:/home/khlekate/.m2/repository/org/glassfish/jersey/containers/jersey-container-grizzly2-http/2.25.1/jersey-container-grizzly2-http-2.25.1.jar:/home/khlekate/.m2/repository/org/glassfish/hk2/external/javax.inject/2.5.0-b32/javax.inject-2.5.0-b32.jar:/home/khlekate/.m2/repository/org/glassfish/grizzly/grizzly-http-server/2.3.28/grizzly-http-server-2.3.28.jar:/home/khlekate/.m2/repository/org/glassfish/grizzly/grizzly-http/2.3.28/grizzly-http-2.3.28.jar:/home/khlekate/.m2/repository/org/glassfish/grizzly/grizzly-framework/2.3.28/grizzly-framework-2.3.28.jar:/home/khlekate/.m2/repository/javax/ws/rs/javax.ws.rs-api/2.0.1/javax.ws.rs-api-2.0.1.jar:/home/khlekate/.m2/repository/org/glassfish/jersey/core/jersey-server/2.25.1/jersey-server-2.25.1.jar:/home/khlekate/.m2/repository/org/glassfish/jersey/core/jersey-client/2.25.1/jersey-client-2.25.1.jar:/home/khlekate/.m2/repository/org/glassfish/jersey/media/jersey-media-jaxb/2.25.1/jersey-media-jaxb-2.25.1.jar:/home/khlekate/.m2/repository/javax/annotation/javax.annotation-api/1.2/javax.annotation-api-1.2.jar:/home/khlekate/.m2/repository/org/glassfish/hk2/hk2-api/2.5.0-b32/hk2-api-2.5.0-b32.jar:/home/khlekate/.m2/repository/org/glassfish/hk2/hk2-utils/2.5.0-b32/hk2-utils-2.5.0-b32.jar:/home/khlekate/.m2/repository/org/glassfish/hk2/external/aopalliance-repackaged/2.5.0-b32/aopalliance-repackaged-2.5.0-b32.jar:/home/khlekate/.m2/repository/org/glassfish/hk2/hk2-locator/2.5.0-b32/hk2-locator-2.5.0-b32.jar:/home/khlekate/.m2/repository/org/javassist/javassist/3.20.0-GA/javassist-3.20.0-GA.jar:/home/khlekate/.m2/repository/javax/validation/validation-api/1.1.0.Final/validation-api-1.1.0.Final.jar:/home/khlekate/.m2/repository/org/json/json/20180813/json-20180813.jar:/home/khlekate/.m2/repository/org/apache/httpcomponents/httpclient/4.5.3/httpclient-4.5.3.jar:/home/khlekate/.m2/repository/org/apache/httpcomponents/httpcore/4.4.6/httpcore-4.4.6.jar:/home/khlekate/.m2/repository/commons-logging/commons-logging/1.2/commons-logging-1.2.jar:/home/khlekate/.m2/repository/commons-codec/commons-codec/1.9/commons-codec-1.9.jar:/home/khlekate/.m2/repository/org/apache/httpcomponents/httpmime/4.5.3/httpmime-4.5.3.jar:/home/khlekate/.m2/repository/commons-io/commons-io/2.5/commons-io-2.5.jar:/home/khlekate/.m2/repository/junit/junit/4.12/junit-4.12.jar:/home/khlekate/.m2/repository/org/hamcrest/hamcrest-core/1.3/hamcrest-core-1.3.jar:"/>
    <property name="java.vm.vendor" value="Oracle Corporation"/>
    <property name="sun.arch.data.model" value="64"/>
    <property name="java.vendor.url" value="http://java.oracle.com/"/>
    <property name="user.timezone" value=""/>
    <property name="java.vm.specification.version" value="1.8"/>
    <property name="os.name" value="Linux"/>
    <property name="user.country" value="GB"/>
    <property name="sun.java.launcher" value="SUN_STANDARD"/>
    <property name="sun.boot.library.path" value="/usr/lib/jvm/java-8-oracle/jre/lib/amd64"/>
    <property name="sun.java.command" value="/home/khlekate/otm/ot-harjoitustyo/laskarit/viikko3/WeatherBot/target/surefire/surefirebooter6994867056914170944.jar /home/khlekate/otm/ot-harjoitustyo/laskarit/viikko3/WeatherBot/target/surefire 2019-04-01T10-48-36_961-jvmRun1 surefire5999882503511341951tmp surefire_08692439266601291251tmp"/>
    <property name="surefire.test.class.path" value="/home/khlekate/otm/ot-harjoitustyo/laskarit/viikko3/WeatherBot/target/test-classes:/home/khlekate/otm/ot-harjoitustyo/laskarit/viikko3/WeatherBot/target/classes:/home/khlekate/.m2/repository/org/apache/maven/maven-plugin-api/3.3.9/maven-plugin-api-3.3.9.jar:/home/khlekate/.m2/repository/org/apache/maven/maven-model/3.3.9/maven-model-3.3.9.jar:/home/khlekate/.m2/repository/org/codehaus/plexus/plexus-utils/3.0.22/plexus-utils-3.0.22.jar:/home/khlekate/.m2/repository/org/apache/commons/commons-lang3/3.4/commons-lang3-3.4.jar:/home/khlekate/.m2/repository/org/apache/maven/maven-artifact/3.3.9/maven-artifact-3.3.9.jar:/home/khlekate/.m2/repository/org/eclipse/sisu/org.eclipse.sisu.plexus/0.3.2/org.eclipse.sisu.plexus-0.3.2.jar:/home/khlekate/.m2/repository/javax/enterprise/cdi-api/1.0/cdi-api-1.0.jar:/home/khlekate/.m2/repository/javax/annotation/jsr250-api/1.0/jsr250-api-1.0.jar:/home/khlekate/.m2/repository/javax/inject/javax.inject/1/javax.inject-1.jar:/home/khlekate/.m2/repository/org/eclipse/sisu/org.eclipse.sisu.inject/0.3.2/org.eclipse.sisu.inject-0.3.2.jar:/home/khlekate/.m2/repository/org/codehaus/plexus/plexus-component-annotations/1.5.5/plexus-component-annotations-1.5.5.jar:/home/khlekate/.m2/repository/org/codehaus/plexus/plexus-classworlds/2.5.2/plexus-classworlds-2.5.2.jar:/home/khlekate/.m2/repository/org/mockito/mockito-core/2.23.4/mockito-core-2.23.4.jar:/home/khlekate/.m2/repository/net/bytebuddy/byte-buddy/1.9.3/byte-buddy-1.9.3.jar:/home/khlekate/.m2/repository/net/bytebuddy/byte-buddy-agent/1.9.3/byte-buddy-agent-1.9.3.jar:/home/khlekate/.m2/repository/org/objenesis/objenesis/2.6/objenesis-2.6.jar:/home/khlekate/.m2/repository/org/telegram/telegrambots/4.1.2/telegrambots-4.1.2.jar:/home/khlekate/.m2/repository/org/telegram/telegrambots-meta/4.1.2/telegrambots-meta-4.1.2.jar:/home/khlekate/.m2/repository/com/google/inject/guice/4.2.2/guice-4.2.2.jar:/home/khlekate/.m2/repository/aopalliance/aopalliance/1.0/aopalliance-1.0.jar:/home/khlekate/.m2/repository/com/google/guava/guava/25.1-android/guava-25.1-android.jar:/home/khlekate/.m2/repository/com/google/code/findbugs/jsr305/3.0.2/jsr305-3.0.2.jar:/home/khlekate/.m2/repository/org/checkerframework/checker-compat-qual/2.0.0/checker-compat-qual-2.0.0.jar:/home/khlekate/.m2/repository/com/google/errorprone/error_prone_annotations/2.1.3/error_prone_annotations-2.1.3.jar:/home/khlekate/.m2/repository/com/google/j2objc/j2objc-annotations/1.1/j2objc-annotations-1.1.jar:/home/khlekate/.m2/repository/org/codehaus/mojo/animal-sniffer-annotations/1.14/animal-sniffer-annotations-1.14.jar:/home/khlekate/.m2/repository/com/fasterxml/jackson/core/jackson-annotations/2.9.0/jackson-annotations-2.9.0.jar:/home/khlekate/.m2/repository/com/fasterxml/jackson/jaxrs/jackson-jaxrs-json-provider/2.9.8/jackson-jaxrs-json-provider-2.9.8.jar:/home/khlekate/.m2/repository/com/fasterxml/jackson/jaxrs/jackson-jaxrs-base/2.9.8/jackson-jaxrs-base-2.9.8.jar:/home/khlekate/.m2/repository/com/fasterxml/jackson/module/jackson-module-jaxb-annotations/2.9.8/jackson-module-jaxb-annotations-2.9.8.jar:/home/khlekate/.m2/repository/com/fasterxml/jackson/core/jackson-databind/2.9.8/jackson-databind-2.9.8.jar:/home/khlekate/.m2/repository/com/fasterxml/jackson/core/jackson-core/2.9.8/jackson-core-2.9.8.jar:/home/khlekate/.m2/repository/org/glassfish/jersey/media/jersey-media-json-jackson/2.25.1/jersey-media-json-jackson-2.25.1.jar:/home/khlekate/.m2/repository/org/glassfish/jersey/core/jersey-common/2.25.1/jersey-common-2.25.1.jar:/home/khlekate/.m2/repository/org/glassfish/jersey/bundles/repackaged/jersey-guava/2.25.1/jersey-guava-2.25.1.jar:/home/khlekate/.m2/repository/org/glassfish/hk2/osgi-resource-locator/1.0.1/osgi-resource-locator-1.0.1.jar:/home/khlekate/.m2/repository/org/glassfish/jersey/ext/jersey-entity-filtering/2.25.1/jersey-entity-filtering-2.25.1.jar:/home/khlekate/.m2/repository/org/glassfish/jersey/containers/jersey-container-grizzly2-http/2.25.1/jersey-container-grizzly2-http-2.25.1.jar:/home/khlekate/.m2/repository/org/glassfish/hk2/external/javax.inject/2.5.0-b32/javax.inject-2.5.0-b32.jar:/home/khlekate/.m2/repository/org/glassfish/grizzly/grizzly-http-server/2.3.28/grizzly-http-server-2.3.28.jar:/home/khlekate/.m2/repository/org/glassfish/grizzly/grizzly-http/2.3.28/grizzly-http-2.3.28.jar:/home/khlekate/.m2/repository/org/glassfish/grizzly/grizzly-framework/2.3.28/grizzly-framework-2.3.28.jar:/home/khlekate/.m2/repository/javax/ws/rs/javax.ws.rs-api/2.0.1/javax.ws.rs-api-2.0.1.jar:/home/khlekate/.m2/repository/org/glassfish/jersey/core/jersey-server/2.25.1/jersey-server-2.25.1.jar:/home/khlekate/.m2/repository/org/glassfish/jersey/core/jersey-client/2.25.1/jersey-client-2.25.1.jar:/home/khlekate/.m2/repository/org/glassfish/jersey/media/jersey-media-jaxb/2.25.1/jersey-media-jaxb-2.25.1.jar:/home/khlekate/.m2/repository/javax/annotation/javax.annotation-api/1.2/javax.annotation-api-1.2.jar:/home/khlekate/.m2/repository/org/glassfish/hk2/hk2-api/2.5.0-b32/hk2-api-2.5.0-b32.jar:/home/khlekate/.m2/repository/org/glassfish/hk2/hk2-utils/2.5.0-b32/hk2-utils-2.5.0-b32.jar:/home/khlekate/.m2/repository/org/glassfish/hk2/external/aopalliance-repackaged/2.5.0-b32/aopalliance-repackaged-2.5.0-b32.jar:/home/khlekate/.m2/repository/org/glassfish/hk2/hk2-locator/2.5.0-b32/hk2-locator-2.5.0-b32.jar:/home/khlekate/.m2/repository/org/javassist/javassist/3.20.0-GA/javassist-3.20.0-GA.jar:/home/khlekate/.m2/repository/javax/validation/validation-api/1.1.0.Final/validation-api-1.1.0.Final.jar:/home/khlekate/.m2/repository/org/json/json/20180813/json-20180813.jar:/home/khlekate/.m2/repository/org/apache/httpcomponents/httpclient/4.5.3/httpclient-4.5.3.jar:/home/khlekate/.m2/repository/org/apache/httpcomponents/httpcore/4.4.6/httpcore-4.4.6.jar:/home/khlekate/.m2/repository/commons-logging/commons-logging/1.2/commons-logging-1.2.jar:/home/khlekate/.m2/repository/commons-codec/commons-codec/1.9/commons-codec-1.9.jar:/home/khlekate/.m2/repository/org/apache/httpcomponents/httpmime/4.5.3/httpmime-4.5.3.jar:/home/khlekate/.m2/repository/commons-io/commons-io/2.5/commons-io-2.5.jar:/home/khlekate/.m2/repository/junit/junit/4.12/junit-4.12.jar:/home/khlekate/.m2/repository/org/hamcrest/hamcrest-core/1.3/hamcrest-core-1.3.jar:"/>
    <property name="sun.cpu.endian" value="little"/>
    <property name="user.home" value="/home/khlekate"/>
    <property name="user.language" value="en"/>
    <property name="java.specification.vendor" value="Oracle Corporation"/>
    <property name="java.home" value="/usr/lib/jvm/java-8-oracle/jre"/>
    <property name="basedir" value="/home/khlekate/otm/ot-harjoitustyo/laskarit/viikko3/WeatherBot"/>
    <property name="file.separator" value="/"/>
    <property name="line.separator" value="&#10;"/>
    <property name="java.vm.specification.vendor" value="Oracle Corporation"/>
    <property name="java.specification.name" value="Java Platform API Specification"/>
    <property name="java.awt.graphicsenv" value="sun.awt.X11GraphicsEnvironment"/>
    <property name="surefire.real.class.path" value="/home/khlekate/otm/ot-harjoitustyo/laskarit/viikko3/WeatherBot/target/surefire/surefirebooter6994867056914170944.jar"/>
    <property name="jdk.net.URLClassPath.disableClassPathURLCheck" value="true"/>
    <property name="sun.boot.class.path" value="/usr/lib/jvm/java-8-oracle/jre/lib/resources.jar:/usr/lib/jvm/java-8-oracle/jre/lib/rt.jar:/usr/lib/jvm/java-8-oracle/jre/lib/sunrsasign.jar:/usr/lib/jvm/java-8-oracle/jre/lib/jsse.jar:/usr/lib/jvm/java-8-oracle/jre/lib/jce.jar:/usr/lib/jvm/java-8-oracle/jre/lib/charsets.jar:/usr/lib/jvm/java-8-oracle/jre/lib/jfr.jar:/usr/lib/jvm/java-8-oracle/jre/classes"/>
    <property name="sun.management.compiler" value="HotSpot 64-Bit Tiered Compilers"/>
    <property name="java.runtime.version" value="1.8.0_201-b09"/>
    <property name="user.name" value="khlekate"/>
    <property name="path.separator" value=":"/>
    <property name="os.version" value="4.15.0-46-generic"/>
    <property name="java.endorsed.dirs" value="/usr/lib/jvm/java-8-oracle/jre/lib/endorsed"/>
    <property name="java.runtime.name" value="Java(TM) SE Runtime Environment"/>
    <property name="file.encoding" value="UTF-8"/>
    <property name="java.vm.name" value="Java HotSpot(TM) 64-Bit Server VM"/>
    <property name="localRepository" value="/home/khlekate/.m2/repository"/>
    <property name="java.vendor.url.bug" value="http://bugreport.sun.com/bugreport/"/>
    <property name="java.io.tmpdir" value="/tmp"/>
    <property name="java.version" value="1.8.0_201"/>
    <property name="user.dir" value="/home/khlekate/otm/ot-harjoitustyo/laskarit/viikko3/WeatherBot"/>
    <property name="os.arch" value="amd64"/>
    <property name="java.vm.specification.name" value="Java Virtual Machine Specification"/>
    <property name="java.awt.printerjob" value="sun.print.PSPrinterJob"/>
    <property name="sun.os.patch.level" value="unknown"/>
    <property name="java.library.path" value="/usr/java/packages/lib/amd64:/usr/lib64:/lib64:/lib:/usr/lib"/>
    <property name="java.vm.info" value="mixed mode"/>
    <property name="java.vendor" value="Oracle Corporation"/>
    <property name="java.vm.version" value="25.201-b09"/>
    <property name="java.ext.dirs" value="/usr/lib/jvm/java-8-oracle/jre/lib/ext:/usr/java/packages/lib/ext"/>
    <property name="sun.io.unicode.encoding" value="UnicodeLittle"/>
    <property name="java.class.version" value="52.0"/>
  </properties>
  <testcase name="getToken_ReturnsRightToken" classname="BotTest" time="0.012"/>
  <testcase name="getMainMenuKeyboard_ReturnsCorrectKeyboard" classname="BotTest" time="0"/>
  <testcase name="onUpdateReceived_IsCalledCorrectly" classname="BotTest" time="0.002"/>
  <testcase name="getUsername_ReturnsRigthUsername" classname="BotTest" time="0"/>
</testsuite>